Fri Oct 18 19:39:45 BRT 2024 : Apache Derby Servidor de Rede - 10.14.2.0 - (1828579) iniciado e pronto para aceitar conexões na porta 1527 em {3}
----------------------------------------------------------------
Fri Oct 18 19:40:35 BRT 2024:
 Inicializando o Derby versão The Apache Software Foundation - Apache Derby - 10.14.2.0 - (1828579): instância a816c00e-0192-a1c9-6e49-ffffbb9de51d
no diretório de banco de dados C:\Users\03875688082\Desktop\UC9_ISA\ProjetoLoginBacana\Assistencia_BD 

java.vendor=Oracle Corporation
java.runtime.version=17.0.8+9-LTS-211
user.dir=C:\Program Files\Java\db-derby-10.14.2.0-bin
os.name=Windows 10
os.arch=amd64
os.version=10.0
derby.system.home=C:\Users\03875688082\Desktop\UC9_ISA\ProjetoLoginBacana
Carregador de classe do banco de dados iniciado - derby.database.classpath=''
----------------------------------------------------------------
Fri Oct 18 19:40:37 BRT 2024:
Encerrando a instância a816c00e-0192-a1c9-6e49-ffffbb9de51d
Fri Oct 18 19:40:37 BRT 2024 Thread[DRDAConnThread_2,5,main] (DATABASE = Assistencia_BD), (DRDAID = {2}), Banco de dados 'Assistencia_BD' fechado.
----------------------------------------------------------------
Fri Oct 18 19:40:39 BRT 2024:
 Inicializando o Derby versão The Apache Software Foundation - Apache Derby - 10.14.2.0 - (1828579): instância 6ede40af-0192-a1c9-6e49-ffffbb9de51d
no diretório de banco de dados C:\Users\03875688082\Desktop\UC9_ISA\ProjetoLoginBacana\Assistencia_BD 

java.vendor=Oracle Corporation
java.runtime.version=17.0.8+9-LTS-211
user.dir=C:\Program Files\Java\db-derby-10.14.2.0-bin
os.name=Windows 10
os.arch=amd64
os.version=10.0
derby.system.home=C:\Users\03875688082\Desktop\UC9_ISA\ProjetoLoginBacana
Carregador de classe do banco de dados iniciado - derby.database.classpath=''
